This is pdfTeX, Version 3.141592653-2.6-1.40.22 (TeX Live 2021) (preloaded format=latex 2021.5.27)  21 JUN 2021 00:42
entering extended mode
 restricted \write18 enabled.
 %&-line parsing enabled.
**"wordcount.tex\csname ?\endcsname"
(/usr/local/texlive/2021/texmf-dist/tex/latex/wordcount/wordcount.tex
LaTeX2e <2020-10-01> patch level 4
L3 programming layer <2021-02-18>
File: wordcount.tex 2016/06/03 v1.7 Michael Downes

(/usr/local/texlive/2021/texmf-dist/tex/latex/base/fontenc.sty
Package: fontenc 2020/08/10 v2.0s Standard LaTeX package
)
\thickmuskip=\muskip16
\@charfontname=\skip47
\hfuzz=\dimen138

No auxiliary output files.

File name [press RETURN to cancel]: txt
txt
Processing txt...


(./txt

! Package inputenc Error: Unicode character å°Š (U+5C0A)
(inputenc)                not set up for use with LaTeX.

See the inputenc package documentation for explanation.
Type  H <return>  for immediate help.
 ...                                              
                                                  
l.1 å°Š
       æ•¬çš„ä¸Šæµ·ç§‘æŠ€å¤§å­¦è¯„å®¡è€å¸ˆ:
You may provide a definition with
\DeclareUnicodeCharacter 


! Package inputenc Error: Unicode character æ•¬ (U+656C)
(inputenc)                not set up for use with LaTeX.

See the inputenc package documentation for explanation.
Type  H <return>  for immediate help.
 ...                                              
                                                  
l.1 å°Šæ•¬
          çš„ä¸Šæµ·ç§‘æŠ€å¤§å­¦è¯„å®¡è€å¸ˆ:
You may provide a definition with
\DeclareUnicodeCharacter 


! Package inputenc Error: Unicode character çš„ (U+7684)
(inputenc)                not set up for use with LaTeX.

See the inputenc package documentation for explanation.
Type  H <return>  for immediate help.
 ...                                              
                                                  
l.1 å°Šæ•¬çš„
             ä¸Šæµ·ç§‘æŠ€å¤§å­¦è¯„å®¡è€å¸ˆ:
You may provide a definition with
\DeclareUnicodeCharacter 


! Package inputenc Error: Unicode character ä¸Š (U+4E0A)
(inputenc)                not set up for use with LaTeX.

See the inputenc package documentation for explanation.
Type  H <return>  for immediate help.
 ...                                              
                                                  
l.1 å°Šæ•¬çš„ä¸Š
                æµ·ç§‘æŠ€å¤§å­¦è¯„å®¡è€å¸ˆ:
You may provide a definition with
\DeclareUnicodeCharacter 


! Package inputenc Error: Unicode character æµ· (U+6D77)
(inputenc)                not set up for use with LaTeX.

See the inputenc package documentation for explanation.
Type  H <return>  for immediate help.
 ...                                              
                                                  
l.1 å°Šæ•¬çš„ä¸Šæµ·
                   ç§‘æŠ€å¤§å­¦è¯„å®¡è€å¸ˆ:
You may provide a definition with
\DeclareUnicodeCharacter 


! Package inputenc Error: Unicode character ç§‘ (U+79D1)
(inputenc)                not set up for use with LaTeX.

See the inputenc package documentation for explanation.
Type  H <return>  for immediate help.
 ...                                              
                                                  
l.1 å°Šæ•¬çš„ä¸Šæµ·ç§‘
                      æŠ€å¤§å­¦è¯„å®¡è€å¸ˆ:
You may provide a definition with
\DeclareUnicodeCharacter 


! Package inputenc Error: Unicode character æŠ€ (U+6280)
(inputenc)                not set up for use with LaTeX.

See the inputenc package documentation for explanation.
Type  H <return>  for immediate help.
 ...                                              
                                                  
l.1 å°Šæ•¬çš„ä¸Šæµ·ç§‘æŠ€
                         å¤§å­¦è¯„å®¡è€å¸ˆ:
You may provide a definition with
\DeclareUnicodeCharacter 


! Package inputenc Error: Unicode character å¤§ (U+5927)
(inputenc)                not set up for use with LaTeX.

See the inputenc package documentation for explanation.
Type  H <return>  for immediate help.
 ...                                              
                                                  
l.1 å°Šæ•¬çš„ä¸Šæµ·ç§‘æŠ€å¤§
                            å­¦è¯„å®¡è€å¸ˆ:
You may provide a definition with
\DeclareUnicodeCharacter 


! Package inputenc Error: Unicode character å­¦ (U+5B66)
(inputenc)                not set up for use with LaTeX.

See the inputenc package documentation for explanation.
Type  H <return>  for immediate help.
 ...                                              
                                                  
l.1 å°Šæ•¬çš„ä¸Šæµ·ç§‘æŠ€å¤§å­¦
                               è¯„å®¡è€å¸ˆ:
You may provide a definition with
\DeclareUnicodeCharacter 


! Package inputenc Error: Unicode character è¯„ (U+8BC4)
(inputenc)                not set up for use with LaTeX.

See the inputenc package documentation for explanation.
Type  H <return>  for immediate help.
 ...                                              
                                                  
l.1 å°Šæ•¬çš„ä¸Šæµ·ç§‘æŠ€å¤§å­¦è¯„
                                  å®¡è€å¸ˆ:
You may provide a definition with
\DeclareUnicodeCharacter 


! Package inputenc Error: Unicode character å®¡ (U+5BA1)
(inputenc)                not set up for use with LaTeX.

See the inputenc package documentation for explanation.
Type  H <return>  for immediate help.
 ...                                              
                                                  
l.1 å°Šæ•¬çš„ä¸Šæµ·ç§‘æŠ€å¤§å­¦è¯„å®¡
                                     è€å¸ˆ:
You may provide a definition with
\DeclareUnicodeCharacter 


! Package inputenc Error: Unicode character è€ (U+8001)
(inputenc)                not set up for use with LaTeX.

See the inputenc package documentation for explanation.
Type  H <return>  for immediate help.
 ...                                              
                                                  
l.1 å°Šæ•¬çš„ä¸Šæµ·ç§‘æŠ€å¤§å­¦è¯„å®¡è€
                                        å¸ˆ:
You may provide a definition with
\DeclareUnicodeCharacter 


! Package inputenc Error: Unicode character å¸ˆ (U+5E08)
(inputenc)                not set up for use with LaTeX.

See the inputenc package documentation for explanation.
Type  H <return>  for immediate help.
 ...                                              
                                                  
l.1 å°Šæ•¬çš„ä¸Šæµ·ç§‘æŠ€å¤§å­¦è¯„å®¡è€å¸ˆ
                                           :
You may provide a definition with
\DeclareUnicodeCharacter 


! LaTeX Error: Missing \begin{document}.

See the LaTeX manual or LaTeX Companion for explanation.
Type  H <return>  for immediate help.
 ...                                              
                                                  
l.1 å°Šæ•¬çš„ä¸Šæµ·ç§‘æŠ€å¤§å­¦è¯„å®¡è€å¸ˆ:
                                            
You're in trouble here.  Try typing  <return>  to proceed.
If that doesn't work, type  X <return>  to quit.


! Package inputenc Error: Unicode character ä¸ª (U+4E2A)
(inputenc)                not set up for use with LaTeX.

See the inputenc package documentation for explanation.
Type  H <return>  for immediate help.
 ...                                              
                                                  
l.2 ä¸ª
       äººé™ˆè¿°
You may provide a definition with
\DeclareUnicodeCharacter 


! Package inputenc Error: Unicode character äºº (U+4EBA)
(inputenc)                not set up for use with LaTeX.

See the inputenc package documentation for explanation.
Type  H <return>  for immediate help.
 ...                                              
                                                  
l.2 ä¸ªäºº
          é™ˆè¿°
You may provide a definition with
\DeclareUnicodeCharacter 


! Package inputenc Error: Unicode character é™ˆ (U+9648)
(inputenc)                not set up for use with LaTeX.

See the inputenc package documentation for explanation.
Type  H <return>  for immediate help.
 ...                                              
                                                  
l.2 ä¸ªäººé™ˆ
             è¿°
You may provide a definition with
\DeclareUnicodeCharacter 


! Package inputenc Error: Unicode character è¿° (U+8FF0)
(inputenc)                not set up for use with LaTeX.

See the inputenc package documentation for explanation.
Type  H <return>  for immediate help.
 ...                                              
                                                  
l.2 ä¸ªäººé™ˆè¿°
                
You may provide a definition with
\DeclareUnicodeCharacter 


! Package inputenc Error: Unicode character æ‚¨ (U+60A8)
(inputenc)                not set up for use with LaTeX.

See the inputenc package documentation for explanation.
Type  H <return>  for immediate help.
 ...                                              
                                                  
l.3 æ‚¨
       å¥½!æˆ‘æ˜¯æ¥è‡ªåˆè‚¥å·¥ä¸šå¤§å­¦è®¡ç®—æœºç§‘å­¦ä¸æŠ€æœ¯ä¸“ä¸šçš„é‚...

You may provide a definition with
\DeclareUnicodeCharacter 


! Package inputenc Error: Unicode character å¥½ (U+597D)
(inputenc)                not set up for use with LaTeX.

See the inputenc package documentation for explanation.
Type  H <return>  for immediate help.
 ...                                              
                                                  
l.3 æ‚¨å¥½
          !æˆ‘æ˜¯æ¥è‡ªåˆè‚¥å·¥ä¸šå¤§å­¦è®¡ç®—æœºç§‘å­¦ä¸æŠ€æœ¯ä¸“ä¸šçš„é‚...

You may provide a definition with
\DeclareUnicodeCharacter 


! Package inputenc Error: Unicode character æˆ‘ (U+6211)
(inputenc)                not set up for use with LaTeX.

See the inputenc package documentation for explanation.
Type  H <return>  for immediate help.
 ...                                              
                                                  
l.3 æ‚¨å¥½!æˆ‘
              æ˜¯æ¥è‡ªåˆè‚¥å·¥ä¸šå¤§å­¦è®¡ç®—æœºç§‘å­¦ä¸æŠ€æœ¯ä¸“ä¸šçš„é‚...

You may provide a definition with
\DeclareUnicodeCharacter 


! Package inputenc Error: Unicode character æ˜¯ (U+662F)
(inputenc)                not set up for use with LaTeX.

See the inputenc package documentation for explanation.
Type  H <return>  for immediate help.
 ...                                              
                                                  
l.3 æ‚¨å¥½!æˆ‘æ˜¯
                 æ¥è‡ªåˆè‚¥å·¥ä¸šå¤§å­¦è®¡ç®—æœºç§‘å­¦ä¸æŠ€æœ¯ä¸“ä¸šçš„é‚...

You may provide a definition with
\DeclareUnicodeCharacter 


! Package inputenc Error: Unicode character æ¥ (U+6765)
(inputenc)                not set up for use with LaTeX.

See the inputenc package documentation for explanation.
Type  H <return>  for immediate help.
 ...                                              
                                                  
l.3 æ‚¨å¥½!æˆ‘æ˜¯æ¥
                    è‡ªåˆè‚¥å·¥ä¸šå¤§å­¦è®¡ç®—æœºç§‘å­¦ä¸æŠ€æœ¯ä¸“ä¸šçš„é‚...

You may provide a definition with
\DeclareUnicodeCharacter 


! Package inputenc Error: Unicode character è‡ª (U+81EA)
(inputenc)                not set up for use with LaTeX.

See the inputenc package documentation for explanation.
Type  H <return>  for immediate help.
 ...                                              
                                                  
l.3 æ‚¨å¥½!æˆ‘æ˜¯æ¥è‡ª
                       åˆè‚¥å·¥ä¸šå¤§å­¦è®¡ç®—æœºç§‘å­¦ä¸æŠ€æœ¯ä¸“ä¸šçš„é‚...

You may provide a definition with
\DeclareUnicodeCharacter 


! Package inputenc Error: Unicode character åˆ (U+5408)
(inputenc)                not set up for use with LaTeX.

See the inputenc package documentation for explanation.
Type  H <return>  for immediate help.
 ...                                              
                                                  
l.3 æ‚¨å¥½!æˆ‘æ˜¯æ¥è‡ªåˆ
                          è‚¥å·¥ä¸šå¤§å­¦è®¡ç®—æœºç§‘å­¦ä¸æŠ€æœ¯ä¸“ä¸šçš„é‚...

You may provide a definition with
\DeclareUnicodeCharacter 


! Package inputenc Error: Unicode character è‚¥ (U+80A5)
(inputenc)                not set up for use with LaTeX.

See the inputenc package documentation for explanation.
Type  H <return>  for immediate help.
 ...                                              
                                                  
l.3 æ‚¨å¥½!æˆ‘æ˜¯æ¥è‡ªåˆè‚¥
                             å·¥ä¸šå¤§å­¦è®¡ç®—æœºç§‘å­¦ä¸æŠ€æœ¯ä¸“ä¸šçš„é‚...

You may provide a definition with
\DeclareUnicodeCharacter 


! Package inputenc Error: Unicode character å·¥ (U+5DE5)
(inputenc)                not set up for use with LaTeX.

See the inputenc package documentation for explanation.
Type  H <return>  for immediate help.
 ...                                              
                                                  
l.3 æ‚¨å¥½!æˆ‘æ˜¯æ¥è‡ªåˆè‚¥å·¥
                                ä¸šå¤§å­¦è®¡ç®—æœºç§‘å­¦ä¸æŠ€æœ¯ä¸“ä¸šçš„é‚...

You may provide a definition with
\DeclareUnicodeCharacter 


! Package inputenc Error: Unicode character ä¸š (U+4E1A)
(inputenc)                not set up for use with LaTeX.

See the inputenc package documentation for explanation.
Type  H <return>  for immediate help.
 ...                                              
                                                  
l.3 æ‚¨å¥½!æˆ‘æ˜¯æ¥è‡ªåˆè‚¥å·¥ä¸š
                                   å¤§å­¦è®¡ç®—æœºç§‘å­¦ä¸æŠ€æœ¯ä¸“ä¸šçš„é‚...

You may provide a definition with
\DeclareUnicodeCharacter 


! Package inputenc Error: Unicode character å¤§ (U+5927)
(inputenc)                not set up for use with LaTeX.

See the inputenc package documentation for explanation.
Type  H <return>  for immediate help.
 ...                                              
                                                  
l.3 æ‚¨å¥½!æˆ‘æ˜¯æ¥è‡ªåˆè‚¥å·¥ä¸šå¤§
                                      å­¦è®¡ç®—æœºç§‘å­¦ä¸æŠ€æœ¯ä¸“ä¸šçš„é‚...

You may provide a definition with
\DeclareUnicodeCharacter 


! Package inputenc Error: Unicode character å­¦ (U+5B66)
(inputenc)                not set up for use with LaTeX.

See the inputenc package documentation for explanation.
Type  H <return>  for immediate help.
 ...                                              
                                                  
l.3 æ‚¨å¥½!æˆ‘æ˜¯æ¥è‡ªåˆè‚¥å·¥ä¸šå¤§å­¦
                                         è®¡ç®—æœºç§‘å­¦ä¸æŠ€æœ¯ä¸“ä¸šçš„é‚...

You may provide a definition with
\DeclareUnicodeCharacter 


! Package inputenc Error: Unicode character è®¡ (U+8BA1)
(inputenc)                not set up for use with LaTeX.

See the inputenc package documentation for explanation.
Type  H <return>  for immediate help.
 ...                                              
                                                  
l.3 æ‚¨å¥½!æˆ‘æ˜¯æ¥è‡ªåˆè‚¥å·¥ä¸šå¤§å­¦è®¡
                                            ç®—æœºç§‘å­¦ä¸æŠ€æœ¯ä¸“ä¸šçš„é‚...

You may provide a definition with
\DeclareUnicodeCharacter 


! Package inputenc Error: Unicode character ç®— (U+7B97)
(inputenc)                not set up for use with LaTeX.

See the inputenc package documentation for explanation.
Type  H <return>  for immediate help.
 ...                                              
                                                  
l.3 æ‚¨å¥½!æˆ‘æ˜¯æ¥è‡ªåˆè‚¥å·¥ä¸šå¤§å­¦è®¡ç®—
                                               æœºç§‘å­¦ä¸æŠ€æœ¯ä¸“ä¸šçš„é‚...

You may provide a definition with
\DeclareUnicodeCharacter 


! Package inputenc Error: Unicode character æœº (U+673A)
(inputenc)                not set up for use with LaTeX.

See the inputenc package documentation for explanation.
Type  H <return>  for immediate help.
 ...                                              
                                                  
l.3 æ‚¨å¥½!æˆ‘æ˜¯æ¥è‡ªåˆè‚¥å·¥ä¸šå¤§å­¦è®¡ç®—æœº
                                                  ç§‘å­¦ä¸æŠ€æœ¯ä¸“ä¸šçš„é‚...

You may provide a definition with
\DeclareUnicodeCharacter 


! Package inputenc Error: Unicode character ç§‘ (U+79D1)
(inputenc)                not set up for use with LaTeX.

See the inputenc package documentation for explanation.
Type  H <return>  for immediate help.
 ...                                              
                                                  
l.3 ...!æˆ‘æ˜¯æ¥è‡ªåˆè‚¥å·¥ä¸šå¤§å­¦è®¡ç®—æœºç§‘
                                                  å­¦ä¸æŠ€æœ¯ä¸“ä¸šçš„é‚¹é¹...

You may provide a definition with
\DeclareUnicodeCharacter 


! Package inputenc Error: Unicode character å­¦ (U+5B66)
(inputenc)                not set up for use with LaTeX.

See the inputenc package documentation for explanation.
Type  H <return>  for immediate help.
 ...                                              
                                                  
l.3 ...‘æ˜¯æ¥è‡ªåˆè‚¥å·¥ä¸šå¤§å­¦è®¡ç®—æœºç§‘å­¦
                                                  ä¸æŠ€æœ¯ä¸“ä¸šçš„é‚¹é¹å...

You may provide a definition with
\DeclareUnicodeCharacter 


! Package inputenc Error: Unicode character ä¸ (U+4E0E)
(inputenc)                not set up for use with LaTeX.

See the inputenc package documentation for explanation.
Type  H <return>  for immediate help.
 ...                                              
                                                  
l.3 ...¯æ¥è‡ªåˆè‚¥å·¥ä¸šå¤§å­¦è®¡ç®—æœºç§‘å­¦ä¸
                                                  æŠ€æœ¯ä¸“ä¸šçš„é‚¹é¹åŒå­...

You may provide a definition with
\DeclareUnicodeCharacter 


! Package inputenc Error: Unicode character æŠ€ (U+6280)
(inputenc)                not set up for use with LaTeX.

See the inputenc package documentation for explanation.
Type  H <return>  for immediate help.
 ...                                              
                                                  
l.3 ...¥è‡ªåˆè‚¥å·¥ä¸šå¤§å­¦è®¡ç®—æœºç§‘å­¦ä¸æŠ€
                                                  æœ¯ä¸“ä¸šçš„é‚¹é¹åŒå­¦ã€...

You may provide a definition with
\DeclareUnicodeCharacter 


! Package inputenc Error: Unicode character æœ¯ (U+672F)
(inputenc)                not set up for use with LaTeX.

See the inputenc package documentation for explanation.
Type  H <return>  for immediate help.
 ...                                              
                                                  
l.3 ...ªåˆè‚¥å·¥ä¸šå¤§å­¦è®¡ç®—æœºç§‘å­¦ä¸æŠ€æœ¯
                                                  ä¸“ä¸šçš„é‚¹é¹åŒå­¦ã€‚ç...

You may provide a definition with
\DeclareUnicodeCharacter 


! Package inputenc Error: Unicode character ä¸“ (U+4E13)
(inputenc)                not set up for use with LaTeX.

See the inputenc package documentation for explanation.
Type  H <return>  for immediate help.
 ...                                              
                                                  
l.3 ...ˆè‚¥å·¥ä¸šå¤§å­¦è®¡ç®—æœºç§‘å­¦ä¸æŠ€æœ¯ä¸“
                                                  ä¸šçš„é‚¹é¹åŒå­¦ã€‚ç°å‰...

You may provide a definition with
\DeclareUnicodeCharacter 


! Package inputenc Error: Unicode character ä¸š (U+4E1A)
(inputenc)                not set up for use with LaTeX.

See the inputenc package documentation for explanation.
Type  H <return>  for immediate help.
 ...                                              
                                                  
l.3 ...¥å·¥ä¸šå¤§å­¦è®¡ç®—æœºç§‘å­¦ä¸æŠ€æœ¯ä¸“ä¸š
                                                  çš„é‚¹é¹åŒå­¦ã€‚ç°å‰äº...

You may provide a definition with
\DeclareUnicodeCharacter 


! Package inputenc Error: Unicode character çš„ (U+7684)
(inputenc)                not set up for use with LaTeX.

See the inputenc package documentation for explanation.
Type  H <return>  for immediate help.
 ...                                              
                                                  
l.3 ...¥ä¸šå¤§å­¦è®¡ç®—æœºç§‘å­¦ä¸æŠ€æœ¯ä¸“ä¸šçš„
                                                  é‚¹é¹åŒå­¦ã€‚ç°å‰äº”å­...

You may provide a definition with
\DeclareUnicodeCharacter 


! Package inputenc Error: Unicode character é‚¹ (U+90B9)
(inputenc)                not set up for use with LaTeX.

See the inputenc package documentation for explanation.
Type  H <return>  for immediate help.
 ...                                              
                                                  
l.3 ...šå¤§å­¦è®¡ç®—æœºç§‘å­¦ä¸æŠ€æœ¯ä¸“ä¸šçš„é‚¹
                                                  é¹åŒå­¦ã€‚ç°å‰äº”å­¦æœ...

You may provide a definition with
\DeclareUnicodeCharacter 


! Package inputenc Error: Unicode character é¹ (U+9E4F)
(inputenc)                not set up for use with LaTeX.

See the inputenc package documentation for explanation.
Type  H <return>  for immediate help.
 ...                                              
                                                  
l.3 ...§å­¦è®¡ç®—æœºç§‘å­¦ä¸æŠ€æœ¯ä¸“ä¸šçš„é‚¹é¹
                                                  åŒå­¦ã€‚ç°å‰äº”å­¦æœŸæˆ...

You may provide a definition with
\DeclareUnicodeCharacter 


! Package inputenc Error: Unicode character åŒ (U+540C)
(inputenc)                not set up for use with LaTeX.

See the inputenc package documentation for explanation.
Type  H <return>  for immediate help.
 ...                                              
                                                  
l.3 ...¦è®¡ç®—æœºç§‘å­¦ä¸æŠ€æœ¯ä¸“ä¸šçš„é‚¹é¹åŒ
                                                  å­¦ã€‚ç°å‰äº”å­¦æœŸæˆç»...

You may provide a definition with
\DeclareUnicodeCharacter 


! Package inputenc Error: Unicode character å­¦ (U+5B66)
(inputenc)                not set up for use with LaTeX.

See the inputenc package documentation for explanation.
Type  H <return>  for immediate help.
 ...                                              
                                                  
l.3 ...¡ç®—æœºç§‘å­¦ä¸æŠ€æœ¯ä¸“ä¸šçš„é‚¹é¹åŒå­¦
                                                  ã€‚ç°å‰äº”å­¦æœŸæˆç»©åŠ...

You may provide a definition with
\DeclareUnicodeCharacter 


! Package inputenc Error: Unicode character ã€‚ (U+3002)
(inputenc)                not set up for use with LaTeX.

See the inputenc package documentation for explanation.
Type  H <return>  for immediate help.
 ...                                              
                                                  
l.3 ...—æœºç§‘å­¦ä¸æŠ€æœ¯ä¸“ä¸šçš„é‚¹é¹åŒå­¦ã€‚
                                                  ç°å‰äº”å­¦æœŸæˆç»©åŠ  æ...

You may provide a definition with
\DeclareUnicodeCharacter 


! Package inputenc Error: Unicode character ç° (U+73B0)
(inputenc)                not set up for use with LaTeX.

See the inputenc package documentation for explanation.
Type  H <return>  for immediate help.
 ...                                              
                                                  
l.3 ...ºç§‘å­¦ä¸æŠ€æœ¯ä¸“ä¸šçš„é‚¹é¹åŒå­¦ã€‚ç°
                                                  å‰äº”å­¦æœŸæˆç»©åŠ  æƒç...

You may provide a definition with
\DeclareUnicodeCharacter 


! Package inputenc Error: Unicode character å‰ (U+524D)
(inputenc)                not set up for use with LaTeX.

See the inputenc package documentation for explanation.
Type  H <return>  for immediate help.
 ...                                              
                                                  
l.3 ...‘å­¦ä¸æŠ€æœ¯ä¸“ä¸šçš„é‚¹é¹åŒå­¦ã€‚ç°å‰
                                                  äº”å­¦æœŸæˆç»©åŠ  æƒç»©ç...

You may provide a definition with
\DeclareUnicodeCharacter 


! Package inputenc Error: Unicode character äº” (U+4E94)
(inputenc)                not set up for use with LaTeX.

See the inputenc package documentation for explanation.
Type  H <return>  for immediate help.
 ...                                              
                                                  
l.3 ...¦ä¸æŠ€æœ¯ä¸“ä¸šçš„é‚¹é¹åŒå­¦ã€‚ç°å‰äº”
                                                  å­¦æœŸæˆç»©åŠ  æƒç»©ç‚¹æ...

You may provide a definition with
\DeclareUnicodeCharacter 


! Package inputenc Error: Unicode character å­¦ (U+5B66)
(inputenc)                not set up for use with LaTeX.

See the inputenc package documentation for explanation.
Type  H <return>  for immediate help.
 ...                                              
                                                  
l.3 ...æŠ€æœ¯ä¸“ä¸šçš„é‚¹é¹åŒå­¦ã€‚ç°å‰äº”å­¦
                                                  æœŸæˆç»©åŠ  æƒç»©ç‚¹æ’å...

You may provide a definition with
\DeclareUnicodeCharacter 


! Package inputenc Error: Unicode character æœŸ (U+671F)
(inputenc)                not set up for use with LaTeX.

See the inputenc package documentation for explanation.
Type  H <return>  for immediate help.
 ...                                              
                                                  
l.3 ...€æœ¯ä¸“ä¸šçš„é‚¹é¹åŒå­¦ã€‚ç°å‰äº”å­¦æœŸ
                                                  æˆç»©åŠ  æƒç»©ç‚¹æ’åä...

You may provide a definition with
\DeclareUnicodeCharacter 


! Package inputenc Error: Unicode character æˆ (U+6210)
(inputenc)                not set up for use with LaTeX.

See the inputenc package documentation for explanation.
Type  H <return>  for immediate help.
 ...                                              
                                                  
l.3 ...¯ä¸“ä¸šçš„é‚¹é¹åŒå­¦ã€‚ç°å‰äº”å­¦æœŸæˆ
                                                  ç»©åŠ  æƒç»©ç‚¹æ’åä¸º ...

You may provide a definition with
\DeclareUnicodeCharacter 


! Package inputenc Error: Unicode character ç»© (U+7EE9)
(inputenc)                not set up for use with LaTeX.

See the inputenc package documentation for explanation.
Type  H <return>  for immediate help.
 ...                                              
                                                  
l.3 ...“ä¸šçš„é‚¹é¹åŒå­¦ã€‚ç°å‰äº”å­¦æœŸæˆç»©
                                                  åŠ  æƒç»©ç‚¹æ’åä¸º 17/...

You may provide a definition with
\DeclareUnicodeCharacter 


! Package inputenc Error: Unicode character åŠ  (U+52A0)
(inputenc)                not set up for use with LaTeX.

See the inputenc package documentation for explanation.
Type  H <return>  for immediate help.
 ...                                              
                                                  
l.3 ...šçš„é‚¹é¹åŒå­¦ã€‚ç°å‰äº”å­¦æœŸæˆç»©åŠ 
                                                   æƒç»©ç‚¹æ’åä¸º 17/255...

You may provide a definition with
\DeclareUnicodeCharacter 


! Package inputenc Error: Unicode character æƒ (U+6743)
(inputenc)                not set up for use with LaTeX.

See the inputenc package documentation for explanation.
Type  H <return>  for immediate help.
 ...                                              
                                                  
l.3 ...é‚¹é¹åŒå­¦ã€‚ç°å‰äº”å­¦æœŸæˆç»©åŠ  æƒ
                                                  ç»©ç‚¹æ’åä¸º 17/255ï¼Œå...

You may provide a definition with
\DeclareUnicodeCharacter 


! Package inputenc Error: Unicode character ç»© (U+7EE9)
(inputenc)                not set up for use with LaTeX.

See the inputenc package documentation for explanation.
Type  H <return>  for immediate help.
 ...                                              
                                                  
l.3 ...é¹åŒå­¦ã€‚ç°å‰äº”å­¦æœŸæˆç»©åŠ  æƒç»©
                                                  ç‚¹æ’åä¸º 17/255ï¼Œå·²é...

You may provide a definition with
\DeclareUnicodeCharacter 


! Package inputenc Error: Unicode character ç‚¹ (U+70B9)
(inputenc)                not set up for use with LaTeX.

See the inputenc package documentation for explanation.
Type  H <return>  for immediate help.
 ...                                              
                                                  
l.3 ...åŒå­¦ã€‚ç°å‰äº”å­¦æœŸæˆç»©åŠ  æƒç»©ç‚¹
                                                  æ’åä¸º 17/255ï¼Œå·²é€šè...

You may provide a definition with
\DeclareUnicodeCharacter 


! Package inputenc Error: Unicode character æ’ (U+6392)
(inputenc)                not set up for use with LaTeX.

See the inputenc package documentation for explanation.
Type  H <return>  for immediate help.
 ...                                              
                                                  
l.3 ...å­¦ã€‚ç°å‰äº”å­¦æœŸæˆç»©åŠ  æƒç»©ç‚¹æ’
                                                  åä¸º 17/255ï¼Œå·²é€šè¿‡å...

You may provide a definition with
\DeclareUnicodeCharacter 


! Package inputenc Error: Unicode character å (U+540D)
(inputenc)                not set up for use with LaTeX.

See the inputenc package documentation for explanation.
Type  H <return>  for immediate help.
 ...                                              
                                                  
l.3 ...ã€‚ç°å‰äº”å­¦æœŸæˆç»©åŠ  æƒç»©ç‚¹æ’å
                                                  ä¸º 17/255ï¼Œå·²é€šè¿‡å››å...

You may provide a definition with
\DeclareUnicodeCharacter 


! Package inputenc Error: Unicode character ä¸º (U+4E3A)
(inputenc)                not set up for use with LaTeX.

See the inputenc package documentation for explanation.
Type  H <return>  for immediate help.
 ...                                              
                                                  
l.3 ...ç°å‰äº”å­¦æœŸæˆç»©åŠ  æƒç»©ç‚¹æ’åä¸º
                                                   17/255ï¼Œå·²é€šè¿‡å››å…­ç...

You may provide a definition with
\DeclareUnicodeCharacter 


! Package inputenc Error: Unicode character ï¼Œ (U+FF0C)
(inputenc)                not set up for use with LaTeX.

See the inputenc package documentation for explanation.
Type  H <return>  for immediate help.
 ...                                              
                                                  
l.3 ...­¦æœŸæˆç»©åŠ  æƒç»©ç‚¹æ’åä¸º 17/255ï¼Œ
                                                  å·²é€šè¿‡å››å…­çº§è€ƒè¯•ï¼...

You may provide a definition with
\DeclareUnicodeCharacter 


! Package inputenc Error: Unicode character å·² (U+5DF2)
(inputenc)                not set up for use with LaTeX.

See the inputenc package documentation for explanation.
Type  H <return>  for immediate help.
 ...                                              
                                                  
l.3 ...œŸæˆç»©åŠ  æƒç»©ç‚¹æ’åä¸º 17/255ï¼Œå·²
                                                  é€šè¿‡å››å…­çº§è€ƒè¯•ï¼Œé¢...

You may provide a definition with
\DeclareUnicodeCharacter 


! Package inputenc Error: Unicode character é€š (U+901A)
(inputenc)                not set up for use with LaTeX.

See the inputenc package documentation for explanation.
Type  H <return>  for immediate help.
 ...                                              
                                                  
l.3 ...ˆç»©åŠ  æƒç»©ç‚¹æ’åä¸º 17/255ï¼Œå·²é€š
                                                  è¿‡å››å…­çº§è€ƒè¯•ï¼Œé¢„è®...

You may provide a definition with
\DeclareUnicodeCharacter 


! Package inputenc Error: Unicode character è¿‡ (U+8FC7)
(inputenc)                not set up for use with LaTeX.

See the inputenc package documentation for explanation.
Type  H <return>  for immediate help.
 ...                                              
                                                  
l.3 ...»©åŠ  æƒç»©ç‚¹æ’åä¸º 17/255ï¼Œå·²é€šè¿‡
                                                  å››å…­çº§è€ƒè¯•ï¼Œé¢„è®¡å...

You may provide a definition with
\DeclareUnicodeCharacter 


! Package inputenc Error: Unicode character å›› (U+56DB)
(inputenc)                not set up for use with LaTeX.

See the inputenc package documentation for explanation.
Type  H <return>  for immediate help.
 ...                                              
                                                  
l.3 ...Š  æƒç»©ç‚¹æ’åä¸º 17/255ï¼Œå·²é€šè¿‡å››
                                                  å…­çº§è€ƒè¯•ï¼Œé¢„è®¡å¯ä»...

You may provide a definition with
\DeclareUnicodeCharacter 


! Package inputenc Error: Unicode character å…­ (U+516D)
(inputenc)                not set up for use with LaTeX.

See the inputenc package documentation for explanation.
Type  H <return>  for immediate help.
 ...                                              
                                                  
l.3 ...æƒç»©ç‚¹æ’åä¸º 17/255ï¼Œå·²é€šè¿‡å››å…­
                                                  çº§è€ƒè¯•ï¼Œé¢„è®¡å¯ä»¥è...

You may provide a definition with
\DeclareUnicodeCharacter 


! Package inputenc Error: Unicode character çº§ (U+7EA7)
(inputenc)                not set up for use with LaTeX.

See the inputenc package documentation for explanation.
Type  H <return>  for immediate help.
 ...                                              
                                                  
l.3 ...ç»©ç‚¹æ’åä¸º 17/255ï¼Œå·²é€šè¿‡å››å…­çº§
                                                  è€ƒè¯•ï¼Œé¢„è®¡å¯ä»¥è·å¾...

You may provide a definition with
\DeclareUnicodeCharacter 


! Package inputenc Error: Unicode character è€ƒ (U+8003)
(inputenc)                not set up for use with LaTeX.

See the inputenc package documentation for explanation.
Type  H <return>  for immediate help.
 ...                                              
                                                  
l.3 ...ç‚¹æ’åä¸º 17/255ï¼Œå·²é€šè¿‡å››å…­çº§è€ƒ
                                                  è¯•ï¼Œé¢„è®¡å¯ä»¥è·å¾—å­...

You may provide a definition with
\DeclareUnicodeCharacter 


! Package inputenc Error: Unicode character è¯• (U+8BD5)
(inputenc)                not set up for use with LaTeX.

See the inputenc package documentation for explanation.
Type  H <return>  for immediate help.
 ...                                              
                                                  
l.3 ...æ’åä¸º 17/255ï¼Œå·²é€šè¿‡å››å…­çº§è€ƒè¯•
                                                  ï¼Œé¢„è®¡å¯ä»¥è·å¾—å­¦æ ...

You may provide a definition with
\DeclareUnicodeCharacter 


! Package inputenc Error: Unicode character ï¼Œ (U+FF0C)
(inputenc)                not set up for use with LaTeX.

See the inputenc package documentation for explanation.
Type  H <return>  for immediate help.
 ...                                              
                                                  
l.3 ...åä¸º 17/255ï¼Œå·²é€šè¿‡å››å…­çº§è€ƒè¯•ï¼Œ
                                                  é¢„è®¡å¯ä»¥è·å¾—å­¦æ ¡çš...

You may provide a definition with
\DeclareUnicodeCharacter 


! Package inputenc Error: Unicode character é¢„ (U+9884)
(inputenc)                not set up for use with LaTeX.

See the inputenc package documentation for explanation.
Type  H <return>  for immediate help.
 ...                                              
                                                  
l.3 ...ä¸º 17/255ï¼Œå·²é€šè¿‡å››å…­çº§è€ƒè¯•ï¼Œé¢„
                                                  è®¡å¯ä»¥è·å¾—å­¦æ ¡çš„æ...

You may provide a definition with
\DeclareUnicodeCharacter 


! Package inputenc Error: Unicode character è®¡ (U+8BA1)
(inputenc)                not set up for use with LaTeX.

See the inputenc package documentation for explanation.
Type  H <return>  for immediate help.
 ...                                              
                                                  
l.3 ... 17/255ï¼Œå·²é€šè¿‡å››å…­çº§è€ƒè¯•ï¼Œé¢„è®¡
                                                  å¯ä»¥è·å¾—å­¦æ ¡çš„æ¨å…...

You may provide a definition with
\DeclareUnicodeCharacter 


! Package inputenc Error: Unicode character å¯ (U+53EF)
(inputenc)                not set up for use with LaTeX.

See the inputenc package documentation for explanation.
Type  H <return>  for immediate help.
 ...                                              
                                                  
l.3 .../255ï¼Œå·²é€šè¿‡å››å…­çº§è€ƒè¯•ï¼Œé¢„è®¡å¯
                                                  ä»¥è·å¾—å­¦æ ¡çš„æ¨å…èµ...

You may provide a definition with
\DeclareUnicodeCharacter 


! Package inputenc Error: Unicode character ä»¥ (U+4EE5)
(inputenc)                not set up for use with LaTeX.

See the inputenc package documentation for explanation.
Type  H <return>  for immediate help.
 ...                                              
                                                  
l.3 ...5ï¼Œå·²é€šè¿‡å››å…­çº§è€ƒè¯•ï¼Œé¢„è®¡å¯ä»¥
                                                  è·å¾—å­¦æ ¡çš„æ¨å…èµ„æ ...

You may provide a definition with
\DeclareUnicodeCharacter 


! Package inputenc Error: Unicode character è· (U+83B7)
(inputenc)                not set up for use with LaTeX.

See the inputenc package documentation for explanation.
Type  H <return>  for immediate help.
 ...                                              
                                                  
l.3 ...Œå·²é€šè¿‡å››å…­çº§è€ƒè¯•ï¼Œé¢„è®¡å¯ä»¥è·
                                                  å¾—å­¦æ ¡çš„æ¨å…èµ„æ ¼ã€...

You may provide a definition with
\DeclareUnicodeCharacter 


! Package inputenc Error: Unicode character å¾— (U+5F97)
(inputenc)                not set up for use with LaTeX.

See the inputenc package documentation for explanation.
Type  H <return>  for immediate help.
 ...                                              
                                                  
l.3 ...²é€šè¿‡å››å…­çº§è€ƒè¯•ï¼Œé¢„è®¡å¯ä»¥è·å¾—
                                                  å­¦æ ¡çš„æ¨å…èµ„æ ¼ã€‚æ€...

You may provide a definition with
\DeclareUnicodeCharacter 


! Package inputenc Error: Unicode character å­¦ (U+5B66)
(inputenc)                not set up for use with LaTeX.

See the inputenc package documentation for explanation.
Type  H <return>  for immediate help.
 ...                                              
                                                  
l.3 ...šè¿‡å››å…­çº§è€ƒè¯•ï¼Œé¢„è®¡å¯ä»¥è·å¾—å­¦
                                                  æ ¡çš„æ¨å…èµ„æ ¼ã€‚æ€€ç...

You may provide a definition with
\DeclareUnicodeCharacter 


! Package inputenc Error: Unicode character æ ¡ (U+6821)
(inputenc)                not set up for use with LaTeX.

See the inputenc package documentation for explanation.
Type  H <return>  for immediate help.
 ...                                              
                                                  
l.3 ...‡å››å…­çº§è€ƒè¯•ï¼Œé¢„è®¡å¯ä»¥è·å¾—å­¦æ ¡
                                                  çš„æ¨å…èµ„æ ¼ã€‚æ€€ç€å¯...

You may provide a definition with
\DeclareUnicodeCharacter 


! Package inputenc Error: Unicode character çš„ (U+7684)
(inputenc)                not set up for use with LaTeX.

See the inputenc package documentation for explanation.
Type  H <return>  for immediate help.
 ...                                              
                                                  
l.3 ...›å…­çº§è€ƒè¯•ï¼Œé¢„è®¡å¯ä»¥è·å¾—å­¦æ ¡çš„
                                                  æ¨å…èµ„æ ¼ã€‚æ€€ç€å¯¹ä¸...

You may provide a definition with
\DeclareUnicodeCharacter 


! Package inputenc Error: Unicode character æ¨ (U+63A8)
(inputenc)                not set up for use with LaTeX.

See the inputenc package documentation for explanation.
Type  H <return>  for immediate help.
 ...                                              
                                                  
l.3 ...­çº§è€ƒè¯•ï¼Œé¢„è®¡å¯ä»¥è·å¾—å­¦æ ¡çš„æ¨
                                                  å…èµ„æ ¼ã€‚æ€€ç€å¯¹ä¸Šæµ...

You may provide a definition with
\DeclareUnicodeCharacter 


! Package inputenc Error: Unicode character å… (U+514D)
(inputenc)                not set up for use with LaTeX.

See the inputenc package documentation for explanation.
Type  H <return>  for immediate help.
 ...                                              
                                                  
l.3 ...§è€ƒè¯•ï¼Œé¢„è®¡å¯ä»¥è·å¾—å­¦æ ¡çš„æ¨å…
                                                  èµ„æ ¼ã€‚æ€€ç€å¯¹ä¸Šæµ·ç§...

You may provide a definition with
\DeclareUnicodeCharacter 


! Package inputenc Error: Unicode character èµ„ (U+8D44)
(inputenc)                not set up for use with LaTeX.

See the inputenc package documentation for explanation.
Type  H <return>  for immediate help.
 ...                                              
                                                  
l.3 ...ƒè¯•ï¼Œé¢„è®¡å¯ä»¥è·å¾—å­¦æ ¡çš„æ¨å…èµ„
                                                  æ ¼ã€‚æ€€ç€å¯¹ä¸Šæµ·ç§‘ æ...

You may provide a definition with
\DeclareUnicodeCharacter 


! Package inputenc Error: Unicode character æ ¼ (U+683C)
(inputenc)                not set up for use with LaTeX.

See the inputenc package documentation for explanation.
Type  H <return>  for immediate help.
 ...                                              
                                                  
l.3 ...•ï¼Œé¢„è®¡å¯ä»¥è·å¾—å­¦æ ¡çš„æ¨å…èµ„æ ¼
                                                  ã€‚æ€€ç€å¯¹ä¸Šæµ·ç§‘ æŠ€å...

You may provide a definition with
\DeclareUnicodeCharacter 


! Package inputenc Error: Unicode character ã€‚ (U+3002)
(inputenc)                not set up for use with LaTeX.

See the inputenc package documentation for explanation.
Type  H <return>  for immediate help.
 ...                                              
                                                  
l.3 ...Œé¢„è®¡å¯ä»¥è·å¾—å­¦æ ¡çš„æ¨å…èµ„æ ¼ã€‚
                                                  æ€€ç€å¯¹ä¸Šæµ·ç§‘ æŠ€å¤§å...

You may provide a definition with
\DeclareUnicodeCharacter 


! Package inputenc Error: Unicode character æ€€ (U+6000)
(inputenc)                not set up for use with LaTeX.

See the inputenc package documentation for explanation.
Type  H <return>  for immediate help.
 ...                                              
                                                  
l.3 ...„è®¡å¯ä»¥è·å¾—å­¦æ ¡çš„æ¨å…èµ„æ ¼ã€‚æ€€
                                                  ç€å¯¹ä¸Šæµ·ç§‘ æŠ€å¤§å­¦å...

You may provide a definition with
\DeclareUnicodeCharacter 


! Package inputenc Error: Unicode character ç€ (U+7740)
(inputenc)                not set up for use with LaTeX.

See the inputenc package documentation for explanation.
Type  H <return>  for immediate help.
 ...                                              
                                                  
l.3 ...¡å¯ä»¥è·å¾—å­¦æ ¡çš„æ¨å…èµ„æ ¼ã€‚æ€€ç€
                                                  å¯¹ä¸Šæµ·ç§‘ æŠ€å¤§å­¦å…ˆè...

You may provide a definition with
\DeclareUnicodeCharacter 


! Package inputenc Error: Unicode character å¯¹ (U+5BF9)
(inputenc)                not set up for use with LaTeX.

See the inputenc package documentation for explanation.
Type  H <return>  for immediate help.
 ...                                              
                                                  
l.3 ...¯ä»¥è·å¾—å­¦æ ¡çš„æ¨å…èµ„æ ¼ã€‚æ€€ç€å¯¹
                                                  ä¸Šæµ·ç§‘ æŠ€å¤§å­¦å…ˆè¿›ç...

You may provide a definition with
\DeclareUnicodeCharacter 


! Package inputenc Error: Unicode character ä¸Š (U+4E0A)
(inputenc)                not set up for use with LaTeX.

See the inputenc package documentation for explanation.
Type  H <return>  for immediate help.
 ...                                              
                                                  
l.3 ...¥è·å¾—å­¦æ ¡çš„æ¨å…èµ„æ ¼ã€‚æ€€ç€å¯¹ä¸Š
                                                  æµ·ç§‘ æŠ€å¤§å­¦å…ˆè¿›çš„æ...

You may provide a definition with
\DeclareUnicodeCharacter 


! Package inputenc Error: Unicode character æµ· (U+6D77)
(inputenc)                not set up for use with LaTeX.

See the inputenc package documentation for explanation.
Type  H <return>  for immediate help.
 ...                                              
                                                  
l.3 ...·å¾—å­¦æ ¡çš„æ¨å…èµ„æ ¼ã€‚æ€€ç€å¯¹ä¸Šæµ·
                                                  ç§‘ æŠ€å¤§å­¦å…ˆè¿›çš„æ•™è...

You may provide a definition with
\DeclareUnicodeCharacter 


! Package inputenc Error: Unicode character ç§‘ (U+79D1)
(inputenc)                not set up for use with LaTeX.

See the inputenc package documentation for explanation.
Type  H <return>  for immediate help.
 ...                                              
                                                  
l.3 ...—å­¦æ ¡çš„æ¨å…èµ„æ ¼ã€‚æ€€ç€å¯¹ä¸Šæµ·ç§‘
                                                   æŠ€å¤§å­¦å…ˆè¿›çš„æ•™è‚²ç...

You may provide a definition with
\DeclareUnicodeCharacter 


! Package inputenc Error: Unicode character æŠ€ (U+6280)
(inputenc)                not set up for use with LaTeX.

See the inputenc package documentation for explanation.
Type  H <return>  for immediate help.
 ...                                              
                                                  
l.3 ...æ ¡çš„æ¨å…èµ„æ ¼ã€‚æ€€ç€å¯¹ä¸Šæµ·ç§‘ æŠ€
                                                  å¤§å­¦å…ˆè¿›çš„æ•™è‚²ç†å¿...

You may provide a definition with
\DeclareUnicodeCharacter 


! Package inputenc Error: Unicode character å¤§ (U+5927)
(inputenc)                not set up for use with LaTeX.

See the inputenc package documentation for explanation.
Type  H <return>  for immediate help.
 ...                                              
                                                  
l.3 ...çš„æ¨å…èµ„æ ¼ã€‚æ€€ç€å¯¹ä¸Šæµ·ç§‘ æŠ€å¤§
                                                  å­¦å…ˆè¿›çš„æ•™è‚²ç†å¿µã€...

You may provide a definition with
\DeclareUnicodeCharacter 


! Package inputenc Error: Unicode character å­¦ (U+5B66)
(inputenc)                not set up for use with LaTeX.

See the inputenc package documentation for explanation.
Type  H <return>  for immediate help.
 ...                                              
                                                  
l.3 ...æ¨å…èµ„æ ¼ã€‚æ€€ç€å¯¹ä¸Šæµ·ç§‘ æŠ€å¤§å­¦
                                                  å…ˆè¿›çš„æ•™è‚²ç†å¿µã€æµ...

You may provide a definition with
\DeclareUnicodeCharacter 


! Package inputenc Error: Unicode character å…ˆ (U+5148)
(inputenc)                not set up for use with LaTeX.

See the inputenc package documentation for explanation.
Type  H <return>  for immediate help.
 ...                                              
                                                  
l.3 ...å…èµ„æ ¼ã€‚æ€€ç€å¯¹ä¸Šæµ·ç§‘ æŠ€å¤§å­¦å…ˆ
                                                  è¿›çš„æ•™è‚²ç†å¿µã€æµ“å...

You may provide a definition with
\DeclareUnicodeCharacter 


! Package inputenc Error: Unicode character è¿› (U+8FDB)
(inputenc)                not set up for use with LaTeX.

See the inputenc package documentation for explanation.
Type  H <return>  for immediate help.
 ...                                              
                                                  
l.3 ...èµ„æ ¼ã€‚æ€€ç€å¯¹ä¸Šæµ·ç§‘ æŠ€å¤§å­¦å…ˆè¿›
                                                  çš„æ•™è‚²ç†å¿µã€æµ“åšçš...

You may provide a definition with
\DeclareUnicodeCharacter 


! Package inputenc Error: Unicode character çš„ (U+7684)
(inputenc)                not set up for use with LaTeX.

See the inputenc package documentation for explanation.
Type  H <return>  for immediate help.
 ...                                              
                                                  
l.3 ...æ ¼ã€‚æ€€ç€å¯¹ä¸Šæµ·ç§‘ æŠ€å¤§å­¦å…ˆè¿›çš„
                                                  æ•™è‚²ç†å¿µã€æµ“åšçš„ç§...

You may provide a definition with
\DeclareUnicodeCharacter 


! Package inputenc Error: Unicode character æ•™ (U+6559)
(inputenc)                not set up for use with LaTeX.

See the inputenc package documentation for explanation.
Type  H <return>  for immediate help.
 ...                                              
                                                  
l.3 ...ã€‚æ€€ç€å¯¹ä¸Šæµ·ç§‘ æŠ€å¤§å­¦å…ˆè¿›çš„æ•™
                                                  è‚²ç†å¿µã€æµ“åšçš„ç§‘å­...

You may provide a definition with
\DeclareUnicodeCharacter 


! Package inputenc Error: Unicode character è‚² (U+80B2)
(inputenc)                not set up for use with LaTeX.

See the inputenc package documentation for explanation.
Type  H <return>  for immediate help.
 ...                                              
                                                  
l.3 ...æ€€ç€å¯¹ä¸Šæµ·ç§‘ æŠ€å¤§å­¦å…ˆè¿›çš„æ•™è‚²
                                                  ç†å¿µã€æµ“åšçš„ç§‘å­¦æ°...

You may provide a definition with
\DeclareUnicodeCharacter 


! Package inputenc Error: Unicode character ç† (U+7406)
(inputenc)                not set up for use with LaTeX.

See the inputenc package documentation for explanation.
Type  H <return>  for immediate help.
 ...                                              
                                                  
l.3 ...ç€å¯¹ä¸Šæµ·ç§‘ æŠ€å¤§å­¦å…ˆè¿›çš„æ•™è‚²ç†
                                                  å¿µã€æµ“åšçš„ç§‘å­¦æ°›å›...

You may provide a definition with
\DeclareUnicodeCharacter 


! Package inputenc Error: Unicode character å¿µ (U+5FF5)
(inputenc)                not set up for use with LaTeX.

See the inputenc package documentation for explanation.
Type  H <return>  for immediate help.
 ...                                              
                                                  
l.3 ...å¯¹ä¸Šæµ·ç§‘ æŠ€å¤§å­¦å…ˆè¿›çš„æ•™è‚²ç†å¿µ
                                                  ã€æµ“åšçš„ç§‘å­¦æ°›å›´çš...
(That makes 100 errors; please try again.) 
Here is how much of TeX's memory you used:
 326 strings out of 478995
 2919 string characters out of 5858210
 283864 words of memory out of 5000000
 17902 multiletter control sequences out of 15000+600000
 405843 words of font info for 29 fonts, out of 8000000 for 9000
 1141 hyphenation exceptions out of 8191
 39i,0n,46p,451b,40s stack positions out of 5000i,500n,10000p,200000b,80000s

No pages of output.
